{
  "0 debug pnpm:scope": {
    "selected": 1
  },
  "1 error pnpm": {
    "errno": 1,
    "code": "ELIFECYCLE",
    "pkgid": "@dev-demands/root@1.0.0",
    "stage": "start",
    "script": "node server.js \"--filter\" \"@dev-demands/server\"",
    "pkgname": "@dev-demands/root",
    "err": {
      "name": "pnpm",
      "message": "@dev-demands/root@1.0.0 start: `node server.js \"--filter\" \"@dev-demands/server\"`\nExit status 1",
      "code": "ELIFECYCLE",
      "stack": "pnpm: @dev-demands/root@1.0.0 start: `node server.js \"--filter\" \"@dev-demands/server\"`\nExit status 1\n    at EventEmitter.<anonymous> (/home/willian/.nvm/versions/node/v16.13.2/lib/node_modules/pnpm/dist/pnpm.cjs:106952:20)\n    at EventEmitter.emit (node:events:390:28)\n    at ChildProcess.<anonymous> (/home/willian/.nvm/versions/node/v16.13.2/lib/node_modules/pnpm/dist/pnpm.cjs:93518:18)\n    at ChildProcess.emit (node:events:390:28)\n    at maybeClose (node:internal/child_process:1064:16)\n    at Process.ChildProcess._handle.onexit (node:internal/child_process:301:5)"
    }
  },
  "2 warn pnpm:global": " Local package.json exists, but node_modules missing, did you mean to install?"
}